<?xml version="1.0" encoding="UTF-8"?>
<!-- Generated by org.testng.reporters.JUnitReportReporter -->
<testsuite hostname="DESKTOP-VJM3FCS" failures="0" tests="16" name="testng.GUIControllerTestNGTest" time="0.003" errors="0" timestamp="2025-04-17T20:40:45 SELÄŒ" skipped="0">
  <testcase classname="testng.GUIControllerTestNGTest" name="testUpdateUserProfile_Failure" time="0.001"/>
  <testcase classname="testng.GUIControllerTestNGTest" name="testDeleteUser_Failure" time="0.000"/>
  <testcase classname="testng.GUIControllerTestNGTest" name="testRefreshUserList" time="0.000"/>
  <testcase classname="testng.GUIControllerTestNGTest" name="testRegisterUser_Success" time="0.000"/>
  <testcase classname="testng.GUIControllerTestNGTest" name="testLoginUser_Admin" time="0.000"/>
  <testcase classname="testng.GUIControllerTestNGTest" name="testUpdateUserProfile_Success" time="0.000"/>
  <testcase classname="testng.GUIControllerTestNGTest" name="testValidatePassword_TooShort" time="0.000"/>
  <testcase classname="testng.GUIControllerTestNGTest" name="testValidatePassword_EndsWithSpace" time="0.000"/>
  <testcase classname="testng.GUIControllerTestNGTest" name="testRegisterUser_Failure" time="0.000"/>
  <testcase classname="testng.GUIControllerTestNGTest" name="testValidatePassword_StartsWithSpace" time="0.000"/>
  <testcase classname="testng.GUIControllerTestNGTest" name="testValidatePassword_Valid" time="0.000"/>
  <testcase classname="testng.GUIControllerTestNGTest" name="testLoginUser_InvalidUser" time="0.000"/>
  <testcase classname="testng.GUIControllerTestNGTest" name="testValidatePassword_EmptyPassword" time="0.002"/>
  <testcase classname="testng.GUIControllerTestNGTest" name="testLoginUser_ValidUser" time="0.000"/>
  <testcase classname="testng.GUIControllerTestNGTest" name="testDeleteUser_Success" time="0.000"/>
  <testcase classname="testng.GUIControllerTestNGTest" name="testValidatePassword_NullPassword" time="0.000"/>
</testsuite> <!-- testng.GUIControllerTestNGTest -->
